  64 bit Processing .\ItSoftwareNCFCollection.idl
  ItSoftwareNCFCollection.idl
  64 bit Processing C:\Program Files (x86)\Windows Kits\10\Include\10.0.14393.0\um\oaidl.idl
  oaidl.idl
  64 bit Processing C:\Program Files (x86)\Windows Kits\10\Include\10.0.14393.0\um\objidl.idl
  objidl.idl
  64 bit Processing C:\Program Files (x86)\Windows Kits\10\Include\10.0.14393.0\um\unknwn.idl
  unknwn.idl
  64 bit Processing C:\Program Files (x86)\Windows Kits\10\Include\10.0.14393.0\um\wtypes.idl
  wtypes.idl
  64 bit Processing C:\Program Files (x86)\Windows Kits\10\Include\10.0.14393.0\um\wtypesbase.idl
  wtypesbase.idl
  64 bit Processing C:\Program Files (x86)\Windows Kits\10\Include\10.0.14393.0\shared\basetsd.h
  basetsd.h
  64 bit Processing C:\Program Files (x86)\Windows Kits\10\Include\10.0.14393.0\shared\guiddef.h
  guiddef.h
  64 bit Processing C:\Program Files (x86)\Windows Kits\10\Include\10.0.14393.0\um\ocidl.idl
  ocidl.idl
  64 bit Processing C:\Program Files (x86)\Windows Kits\10\Include\10.0.14393.0\um\oleidl.idl
  oleidl.idl
  64 bit Processing C:\Program Files (x86)\Windows Kits\10\Include\10.0.14393.0\um\servprov.idl
  servprov.idl
  64 bit Processing C:\Program Files (x86)\Windows Kits\10\Include\10.0.14393.0\um\urlmon.idl
  urlmon.idl
  64 bit Processing C:\Program Files (x86)\Windows Kits\10\Include\10.0.14393.0\um\msxml.idl
  msxml.idl
  64 bit Processing C:\Program Files (x86)\Windows Kits\10\Include\10.0.14393.0\um\oaidl.acf
  oaidl.acf
  64 bit Processing C:\Program Files (x86)\Windows Kits\10\Include\10.0.14393.0\um\ocidl.acf
  ocidl.acf
  stdafx.cpp
  CNCFCollectionList.cpp
  CNCFCollectionMap.cpp
  CNCFPriorityQueue.cpp
  ItSoftware.NCF.Collection.cpp
  Generating Code...
  dllmain.cpp
  ItSoftwareNCFCollection_i.c
  xdlldata.c
  Generating Code...
     Creating library D:\Projects\GitHub\ItSoftware.NativeComponentFramework.2017\x64\Release\ItSoftware.NCF.Collection.lib and object D:\Projects\GitHub\ItSoftware.NativeComponentFramework.2017\x64\Release\ItSoftware.NCF.Collection.exp
  ItSoftware.NCF.Collection.vcxproj -> D:\Projects\GitHub\ItSoftware.NativeComponentFramework.2017\x64\Release\ItSoftware.NCF.Collection.dll
C:\Program Files (x86)\Microsoft Visual Studio\2017\Professional\Common7\IDE\VC\VCTargets\Microsoft.CppCommon.targets(1840,5): warning MSB3075: The command "regsvr32 /s "D:\Projects\GitHub\ItSoftware.NativeComponentFramework.2017\x64\Release\ItSoftware.NCF.Collection.dll"" exited with code 5. Please verify that you have sufficient rights to run this command.
C:\Program Files (x86)\Microsoft Visual Studio\2017\Professional\Common7\IDE\VC\VCTargets\Microsoft.CppCommon.targets(1852,5): error MSB8011: Failed to register output. Please try enabling Per-user Redirection or register the component from a command prompt with elevated permissions.
