d:\projects\github\itsoftware.nativecomponentframework.2017\itsoftware.ncf.io\x64\release\itsoftware.ncf.io.pch
d:\projects\github\itsoftware.nativecomponentframework.2017\itsoftware.ncf.io\x64\release\vc141.pdb
d:\projects\github\itsoftware.nativecomponentframework.2017\itsoftware.ncf.io\x64\release\stdafx.obj
d:\projects\github\itsoftware.nativecomponentframework.2017\itsoftware.ncf.io\x64\release\itsoftware.ncf.io.obj
d:\projects\github\itsoftware.nativecomponentframework.2017\itsoftware.ncf.io\x64\release\cncfurl.obj
d:\projects\github\itsoftware.nativecomponentframework.2017\itsoftware.ncf.io\x64\release\cncfstringstream.obj
d:\projects\github\itsoftware.nativecomponentframework.2017\itsoftware.ncf.io\x64\release\cncfpath.obj
d:\projects\github\itsoftware.nativecomponentframework.2017\itsoftware.ncf.io\x64\release\cncfnetworkresource.obj
d:\projects\github\itsoftware.nativecomponentframework.2017\itsoftware.ncf.io\x64\release\cncfnetwork.obj
d:\projects\github\itsoftware.nativecomponentframework.2017\itsoftware.ncf.io\x64\release\cncfmemorystream.obj
d:\projects\github\itsoftware.nativecomponentframework.2017\itsoftware.ncf.io\x64\release\cncffilestream.obj
d:\projects\github\itsoftware.nativecomponentframework.2017\itsoftware.ncf.io\x64\release\cncffile.obj
d:\projects\github\itsoftware.nativecomponentframework.2017\itsoftware.ncf.io\x64\release\cncfdirectory.obj
d:\projects\github\itsoftware.nativecomponentframework.2017\itsoftware.ncf.io\x64\release\itsoftwarencfio.tlb
d:\projects\github\itsoftware.nativecomponentframework.2017\itsoftware.ncf.io\itsoftwarencfio_p.c
d:\projects\github\itsoftware.nativecomponentframework.2017\itsoftware.ncf.io\itsoftwarencfio_i.c
d:\projects\github\itsoftware.nativecomponentframework.2017\itsoftware.ncf.io\itsoftwarencfio_i.h
d:\projects\github\itsoftware.nativecomponentframework.2017\itsoftware.ncf.io\x64\release\itsoftwa.17b7cf32.tlog\cl.command.1.tlog
d:\projects\github\itsoftware.nativecomponentframework.2017\itsoftware.ncf.io\x64\release\itsoftwa.17b7cf32.tlog\cl.read.1.tlog
d:\projects\github\itsoftware.nativecomponentframework.2017\itsoftware.ncf.io\x64\release\itsoftwa.17b7cf32.tlog\cl.write.1.tlog
d:\projects\github\itsoftware.nativecomponentframework.2017\itsoftware.ncf.io\x64\release\itsoftwa.17b7cf32.tlog\midl.command.1.tlog
d:\projects\github\itsoftware.nativecomponentframework.2017\itsoftware.ncf.io\x64\release\itsoftwa.17b7cf32.tlog\midl.read.1.tlog
d:\projects\github\itsoftware.nativecomponentframework.2017\itsoftware.ncf.io\x64\release\itsoftwa.17b7cf32.tlog\midl.write.1.tlog
