d:\projects\github\itsoftware.nativecomponentframework.2017\itsoftware.ncf.audio\x64\release\itsoftware.ncf.audio.pch
d:\projects\github\itsoftware.nativecomponentframework.2017\itsoftware.ncf.audio\x64\release\vc141.pdb
d:\projects\github\itsoftware.nativecomponentframework.2017\itsoftware.ncf.audio\x64\release\stdafx.obj
d:\projects\github\itsoftware.nativecomponentframework.2017\itsoftware.ncf.audio\x64\release\itsoftware.ncf.audio.obj
d:\projects\github\itsoftware.nativecomponentframework.2017\itsoftware.ncf.audio\x64\release\cncfwmatag.obj
d:\projects\github\itsoftware.nativecomponentframework.2017\itsoftware.ncf.audio\x64\release\cncfwmaencoder.obj
d:\projects\github\itsoftware.nativecomponentframework.2017\itsoftware.ncf.audio\x64\release\cncfwavencoder.obj
d:\projects\github\itsoftware.nativecomponentframework.2017\itsoftware.ncf.audio\x64\release\cncfmp3tag.obj
d:\projects\github\itsoftware.nativecomponentframework.2017\itsoftware.ncf.audio\x64\release\cncfmp3genre.obj
d:\projects\github\itsoftware.nativecomponentframework.2017\itsoftware.ncf.audio\x64\release\cncfmp3encoder.obj
d:\projects\github\itsoftware.nativecomponentframework.2017\itsoftware.ncf.audio\x64\release\cncfencoderparams.obj
d:\projects\github\itsoftware.nativecomponentframework.2017\itsoftware.ncf.audio\x64\release\cncfaudioplayer.obj
d:\projects\github\itsoftware.nativecomponentframework.2017\itsoftware.ncf.audio\x64\release\cncfaudiocd.obj
d:\projects\github\itsoftware.nativecomponentframework.2017\itsoftware.ncf.audio\x64\release\cncfaactag.obj
d:\projects\github\itsoftware.nativecomponentframework.2017\itsoftware.ncf.audio\x64\release\cncfaacencoder.obj
d:\projects\github\itsoftware.nativecomponentframework.2017\itsoftware.ncf.audio\x64\release\dllmain.obj
d:\projects\github\itsoftware.nativecomponentframework.2017\itsoftware.ncf.audio\x64\release\xdlldata.obj
d:\projects\github\itsoftware.nativecomponentframework.2017\itsoftware.ncf.audio\x64\release\itsoftwarencfaudio_i.obj
d:\projects\github\itsoftware.nativecomponentframework.2017\x64\release\itsoftware.ncf.audio.lib
d:\projects\github\itsoftware.nativecomponentframework.2017\x64\release\itsoftware.ncf.audio.exp
d:\projects\github\itsoftware.nativecomponentframework.2017\x64\release\itsoftware.ncf.audio.dll
d:\projects\github\itsoftware.nativecomponentframework.2017\x64\release\itsoftware.ncf.audio.pdb
d:\projects\github\itsoftware.nativecomponentframework.2017\itsoftware.ncf.audio\x64\release\itsoftwarencfaudio.tlb
d:\projects\github\itsoftware.nativecomponentframework.2017\itsoftware.ncf.audio\itsoftwarencfaudio_p.c
d:\projects\github\itsoftware.nativecomponentframework.2017\itsoftware.ncf.audio\itsoftwarencfaudio_i.c
d:\projects\github\itsoftware.nativecomponentframework.2017\itsoftware.ncf.audio\itsoftwarencfaudio_i.h
d:\projects\github\itsoftware.nativecomponentframework.2017\itsoftware.ncf.audio\x64\release\itsoftware.ncf.audio.res
d:\projects\github\itsoftware.nativecomponentframework.2017\itsoftware.ncf.audio\x64\release\itsoftwa.9422853f.tlog\cl.command.1.tlog
d:\projects\github\itsoftware.nativecomponentframework.2017\itsoftware.ncf.audio\x64\release\itsoftwa.9422853f.tlog\cl.read.1.tlog
d:\projects\github\itsoftware.nativecomponentframework.2017\itsoftware.ncf.audio\x64\release\itsoftwa.9422853f.tlog\cl.write.1.tlog
d:\projects\github\itsoftware.nativecomponentframework.2017\itsoftware.ncf.audio\x64\release\itsoftwa.9422853f.tlog\itsoftware.ncf.audio.write.1u.tlog
d:\projects\github\itsoftware.nativecomponentframework.2017\itsoftware.ncf.audio\x64\release\itsoftwa.9422853f.tlog\link.command.1.tlog
d:\projects\github\itsoftware.nativecomponentframework.2017\itsoftware.ncf.audio\x64\release\itsoftwa.9422853f.tlog\link.read.1.tlog
d:\projects\github\itsoftware.nativecomponentframework.2017\itsoftware.ncf.audio\x64\release\itsoftwa.9422853f.tlog\link.write.1.tlog
d:\projects\github\itsoftware.nativecomponentframework.2017\itsoftware.ncf.audio\x64\release\itsoftwa.9422853f.tlog\midl.command.1.tlog
d:\projects\github\itsoftware.nativecomponentframework.2017\itsoftware.ncf.audio\x64\release\itsoftwa.9422853f.tlog\midl.read.1.tlog
d:\projects\github\itsoftware.nativecomponentframework.2017\itsoftware.ncf.audio\x64\release\itsoftwa.9422853f.tlog\midl.write.1.tlog
d:\projects\github\itsoftware.nativecomponentframework.2017\itsoftware.ncf.audio\x64\release\itsoftwa.9422853f.tlog\rc.command.1.tlog
d:\projects\github\itsoftware.nativecomponentframework.2017\itsoftware.ncf.audio\x64\release\itsoftwa.9422853f.tlog\rc.read.1.tlog
d:\projects\github\itsoftware.nativecomponentframework.2017\itsoftware.ncf.audio\x64\release\itsoftwa.9422853f.tlog\rc.write.1.tlog
