d:\projects\github\itsoftware.nativecomponentframework.2017\itsoftware.ncf.audio\x64\debug\itsoftware.ncf.audio.pch
d:\projects\github\itsoftware.nativecomponentframework.2017\itsoftware.ncf.audio\x64\debug\vc141.pdb
d:\projects\github\itsoftware.nativecomponentframework.2017\itsoftware.ncf.audio\x64\debug\vc141.idb
d:\projects\github\itsoftware.nativecomponentframework.2017\itsoftware.ncf.audio\x64\debug\stdafx.obj
d:\projects\github\itsoftware.nativecomponentframework.2017\itsoftware.ncf.audio\x64\debug\itsoftware.ncf.audio.obj
d:\projects\github\itsoftware.nativecomponentframework.2017\itsoftware.ncf.audio\x64\debug\cncfwmaencoder.obj
d:\projects\github\itsoftware.nativecomponentframework.2017\itsoftware.ncf.audio\x64\debug\cncfmp3genre.obj
d:\projects\github\itsoftware.nativecomponentframework.2017\itsoftware.ncf.audio\x64\debug\cncfmp3encoder.obj
d:\projects\github\itsoftware.nativecomponentframework.2017\itsoftware.ncf.audio\x64\debug\cncfencoderparams.obj
d:\projects\github\itsoftware.nativecomponentframework.2017\itsoftware.ncf.audio\x64\debug\cncfaudioplayer.obj
d:\projects\github\itsoftware.nativecomponentframework.2017\itsoftware.ncf.audio\x64\debug\cncfaacencoder.obj
d:\projects\github\itsoftware.nativecomponentframework.2017\itsoftware.ncf.audio\x64\debug\itsoftwarencfaudio.tlb
d:\projects\github\itsoftware.nativecomponentframework.2017\itsoftware.ncf.audio\itsoftwarencfaudio_p.c
d:\projects\github\itsoftware.nativecomponentframework.2017\itsoftware.ncf.audio\itsoftwarencfaudio_i.c
d:\projects\github\itsoftware.nativecomponentframework.2017\itsoftware.ncf.audio\itsoftwarencfaudio_i.h
d:\projects\github\itsoftware.nativecomponentframework.2017\itsoftware.ncf.audio\x64\debug\itsoftwa.9422853f.tlog\cl.command.1.tlog
d:\projects\github\itsoftware.nativecomponentframework.2017\itsoftware.ncf.audio\x64\debug\itsoftwa.9422853f.tlog\cl.read.1.tlog
d:\projects\github\itsoftware.nativecomponentframework.2017\itsoftware.ncf.audio\x64\debug\itsoftwa.9422853f.tlog\cl.write.1.tlog
d:\projects\github\itsoftware.nativecomponentframework.2017\itsoftware.ncf.audio\x64\debug\itsoftwa.9422853f.tlog\midl.command.1.tlog
d:\projects\github\itsoftware.nativecomponentframework.2017\itsoftware.ncf.audio\x64\debug\itsoftwa.9422853f.tlog\midl.read.1.tlog
d:\projects\github\itsoftware.nativecomponentframework.2017\itsoftware.ncf.audio\x64\debug\itsoftwa.9422853f.tlog\midl.write.1.tlog
