  64 bit Processing .\ItSoftwareNCFSystem.idl
  ItSoftwareNCFSystem.idl
.\ItSoftwareNCFSystem.idl(9): warning C4067: unexpected tokens following preprocessor directive - expected a newline
.\ItSoftwareNCFSystem.idl(10): warning C4067: unexpected tokens following preprocessor directive - expected a newline
  64 bit Processing C:\Program Files (x86)\Windows Kits\10\Include\10.0.14393.0\um\oaidl.idl
  oaidl.idl
  64 bit Processing C:\Program Files (x86)\Windows Kits\10\Include\10.0.14393.0\um\objidl.idl
  objidl.idl
  64 bit Processing C:\Program Files (x86)\Windows Kits\10\Include\10.0.14393.0\um\unknwn.idl
  unknwn.idl
  64 bit Processing C:\Program Files (x86)\Windows Kits\10\Include\10.0.14393.0\um\wtypes.idl
  wtypes.idl
  64 bit Processing C:\Program Files (x86)\Windows Kits\10\Include\10.0.14393.0\um\wtypesbase.idl
  wtypesbase.idl
  64 bit Processing C:\Program Files (x86)\Windows Kits\10\Include\10.0.14393.0\shared\basetsd.h
  basetsd.h
  64 bit Processing C:\Program Files (x86)\Windows Kits\10\Include\10.0.14393.0\shared\guiddef.h
  guiddef.h
  64 bit Processing C:\Program Files (x86)\Windows Kits\10\Include\10.0.14393.0\um\ocidl.idl
  ocidl.idl
  64 bit Processing C:\Program Files (x86)\Windows Kits\10\Include\10.0.14393.0\um\oleidl.idl
  oleidl.idl
  64 bit Processing C:\Program Files (x86)\Windows Kits\10\Include\10.0.14393.0\um\servprov.idl
  servprov.idl
  64 bit Processing C:\Program Files (x86)\Windows Kits\10\Include\10.0.14393.0\um\urlmon.idl
  urlmon.idl
  64 bit Processing C:\Program Files (x86)\Windows Kits\10\Include\10.0.14393.0\um\msxml.idl
  msxml.idl
  64 bit Processing C:\Program Files (x86)\Windows Kits\10\Include\10.0.14393.0\um\oaidl.acf
  oaidl.acf
  64 bit Processing C:\Program Files (x86)\Windows Kits\10\Include\10.0.14393.0\um\ocidl.acf
  ocidl.acf
  stdafx.cpp
  CNCFEventLog.cpp
  CNCFGuid.cpp
  CNCFIniFile.cpp
  CNCFRegistry.cpp
  CNCFString.cpp
d:\projects\github\itsoftware.nativecomponentframework.2017\itsoftware.ncf.system\cncfstring.cpp(599): warning C4302: 'reinterpret_cast': truncation from 'wchar_t *' to 'long'
d:\projects\github\itsoftware.nativecomponentframework.2017\itsoftware.ncf.system\cncfstring.cpp(599): warning C4302: 'reinterpret_cast': truncation from 'BSTR' to 'long'
d:\projects\github\itsoftware.nativecomponentframework.2017\itsoftware.ncf.system\cncfstring.cpp(656): warning C4302: 'reinterpret_cast': truncation from 'wchar_t *' to 'long'
d:\projects\github\itsoftware.nativecomponentframework.2017\itsoftware.ncf.system\cncfstring.cpp(656): warning C4302: 'reinterpret_cast': truncation from 'BSTR' to 'long'
d:\projects\github\itsoftware.nativecomponentframework.2017\itsoftware.ncf.system\cncfstring.cpp(766): warning C4302: 'reinterpret_cast': truncation from 'wchar_t *' to 'ULONG'
d:\projects\github\itsoftware.nativecomponentframework.2017\itsoftware.ncf.system\cncfstring.cpp(766): warning C4302: 'reinterpret_cast': truncation from 'BSTR' to 'ULONG'
d:\projects\github\itsoftware.nativecomponentframework.2017\itsoftware.ncf.system\cncfstring.cpp(786): warning C4302: 'reinterpret_cast': truncation from 'wchar_t *' to 'long'
d:\projects\github\itsoftware.nativecomponentframework.2017\itsoftware.ncf.system\cncfstring.cpp(786): warning C4302: 'reinterpret_cast': truncation from 'BSTR' to 'long'
  ItSoftware.NCF.System.cpp
  Generating Code...
  dllmain.cpp
  ItSoftwareNCFSystem_i.c
  xdlldata.c
  Generating Code...
     Creating library D:\Projects\GitHub\ItSoftware.NativeComponentFramework.2017\x64\Release\ItSoftware.NCF.System.lib and object D:\Projects\GitHub\ItSoftware.NativeComponentFramework.2017\x64\Release\ItSoftware.NCF.System.exp
  ItSoftware.NCF.System.vcxproj -> D:\Projects\GitHub\ItSoftware.NativeComponentFramework.2017\x64\Release\ItSoftware.NCF.System.dll
C:\Program Files (x86)\Microsoft Visual Studio\2017\Professional\Common7\IDE\VC\VCTargets\Microsoft.CppCommon.targets(1840,5): warning MSB3075: The command "regsvr32 /s "D:\Projects\GitHub\ItSoftware.NativeComponentFramework.2017\x64\Release\ItSoftware.NCF.System.dll"" exited with code 5. Please verify that you have sufficient rights to run this command.
C:\Program Files (x86)\Microsoft Visual Studio\2017\Professional\Common7\IDE\VC\VCTargets\Microsoft.CppCommon.targets(1852,5): error MSB8011: Failed to register output. Please try enabling Per-user Redirection or register the component from a command prompt with elevated permissions.
